<?xml version="1.0" encoding="UTF-8"?>
<!-- Generated by org.testng.reporters.JUnitXMLReporter -->
<testsuite ignored="0" hostname="RYZEN" failures="1" tests="1" name="Android" time="30.196" errors="0" timestamp="2021-07-24T18:39:57 IST">
  <testcase classname="io.cucumber.testng.AbstractTestNGCucumberTests" name="runScenario" time="29.895">
    <failure type="java.lang.ClassCastException" message="class com.sun.proxy.$Proxy21 cannot be cast to class org.openqa.selenium.internal.HasIdentity (com.sun.proxy.$Proxy21 and org.openqa.selenium.internal.HasIdentity are in unnamed module of loader &amp;apos;app&amp;apos;)">
      <![CDATA[java.lang.ClassCastException: class com.sun.proxy.$Proxy21 cannot be cast to class org.openqa.selenium.internal.HasIdentity (com.sun.proxy.$Proxy21 and org.openqa.selenium.internal.HasIdentity are in unnamed module of loader 'app')
at io.appium.java_client.touch.offset.ElementOption.withElement(ElementOption.java:89)
at io.appium.java_client.touch.offset.ElementOption.element(ElementOption.java:49)
at com.utils.AndroidUtils.scroll(AndroidUtils.java:15)
at com.pages.CustomerProfilePage.clickOnSaveBtn(CustomerProfilePage.java:97)
at com.stepDefinitions.customerSetpDefinitions.clickOnSaveBtn(customerSetpDefinitions.java:27)
at âœ½.user clicks on save button(file:///E:/Work/V/SkyggeElite/feature/customerProfile.feature:12)
]]>
    </failure>
  </testcase> <!-- runScenario -->
</testsuite> <!-- Android -->
