<?xml version="1.0" encoding="UTF-8"?>
<!-- Generated by org.testng.reporters.JUnitReportReporter -->
<testsuite hostname="RYZEN" failures="0" tests="1" name="com.runner.Runner" time="29.895" errors="1" timestamp="2021-07-24T18:39:57 IST" skipped="0">
  <testcase classname="com.runner.Runner" name="runScenario" time="29.895">
    <error message="class com.sun.proxy.$Proxy21 cannot be cast to class org.openqa.selenium.internal.HasIdentity (com.sun.proxy.$Proxy21 and org.openqa.selenium.internal.HasIdentity are in unnamed module of loader &#039;app&#039;)" type="java.lang.ClassCastException">
      <![CDATA[java.lang.ClassCastException: class com.sun.proxy.$Proxy21 cannot be cast to class org.openqa.selenium.internal.HasIdentity (com.sun.proxy.$Proxy21 and org.openqa.selenium.internal.HasIdentity are in unnamed module of loader 'app')
at io.appium.java_client.touch.offset.ElementOption.withElement(ElementOption.java:89)
at io.appium.java_client.touch.offset.ElementOption.element(ElementOption.java:49)
at com.utils.AndroidUtils.scroll(AndroidUtils.java:15)
at com.pages.CustomerProfilePage.clickOnSaveBtn(CustomerProfilePage.java:97)
at com.stepDefinitions.customerSetpDefinitions.clickOnSaveBtn(customerSetpDefinitions.java:27)
at âœ½.user clicks on save button(file:///E:/Work/V/SkyggeElite/feature/customerProfile.feature:12)
]]>
    </error>
  </testcase> <!-- runScenario -->
  <system-out/>
</testsuite> <!-- com.runner.Runner -->
